[LOG] System::create                           : Header version = 1.10.08. Current version = 1.10.08.
[LOG] SystemI::setOutputInternal               : Setting output to 'FMOD WASAPI Output'
[LOG] Manager::init                            : maxchannels = 1024 studioflags = 00000009 flags 00000000 extradriverdata 0000000000000000.
[LOG] SystemI::init                            : Initialize version=11008 (96768), maxchannels=1024, flags=0x00030000
[LOG] OutputWASAPI::init                       : Mix Format (WAVEFORMATEX): wFormatTag=0xFFFE, nChannels=2, nSamplesPerSec=48000, nAvgBytesPerSec=384000, nBlockAlign=8, wBitsPerSample=32, cbSize=22.
[LOG] OutputWASAPI::init                       : Mix Format (WAVEFORMATEXTENSIBLE): wValidBitsPerSample=32, dwChannelMask=0x00000003, SubFormat=00000003-0000-0010-8000-00AA00389B71.
[LOG] OutputWASAPI::init                       : Output buffer size: 4096 samples, latency: 0.00ms, period: 10.00ms, DSP buffer: 1024 * 4
[LOG] Thread::initThread                       : Init FMOD stream thread. Priority: 2, Stack Size: 65536, Semaphore: No, Sleep Time: 10, Looping: Yes.
[LOG] SystemI::DSPCodecPoolRegister            : register codec pool for pool type 5
[LOG] Thread::initThread                       : Init FMOD mixer thread. Priority: 3, Stack Size: 49152, Semaphore: No, Sleep Time: 0, Looping: Yes.
[LOG] AsyncManager::init                       : manager 00000000539ED1B8 isAsync 1 updatePeriod 0.02
[LOG] Thread::initThread                       : Init FMOD Studio update thread. Priority: 0, Stack Size: 65536, Semaphore: No, Sleep Time: 1, Looping: No.
[LOG] AsyncManager::init                       : done
[LOG] PlaybackSystem::init                     : 
[LOG] Thread::initThread                       : Init FMOD Studio sample load thread. Priority: 0, Stack Size: 65536, Semaphore: No, Sleep Time: 1, Looping: No.
[LOG] PlaybackSystem::init                     : done
[LOG] LiveUpdate::init                         : 
[LOG] Thread::initThread                       : Init FMOD Studio bank load thread. Priority: 0, Stack Size: 65536, Semaphore: No, Sleep Time: 1, Looping: No.
[LOG] Manager::init                            : done.
[LOG] Profile::init                            : Profiler listening on port: 9264
[LOG] Manager::readBank                        : fileversion = 100, compatVersion = 99 (oldest = 44, newest = 100)
[LOG] Manager::readBank                        : fileversion = 100, compatVersion = 99 (oldest = 44, newest = 100)
[LOG] PlaybackSystem::acquireMasterBus         : Setting master channel group format to 6
[LOG] Manager::readBank                        : fileversion = 100, compatVersion = 99 (oldest = 44, newest = 100)
[LOG] Manager::readBank                        : fileversion = 100, compatVersion = 99 (oldest = 44, newest = 100)
[LOG] Manager::readBank                        : fileversion = 100, compatVersion = 99 (oldest = 44, newest = 100)
[LOG] Manager::readBank                        : fileversion = 100, compatVersion = 99 (oldest = 44, newest = 100)
[LOG] SystemI::createSoundInternal             : Create name='', mode=0x02000202
[LOG] SystemI::createSoundInternal             : exinfo->cbsize             = 232
[LOG] SystemI::createSoundInternal             : exinfo->length             = 39165952
[LOG] SystemI::createSoundInternal             : exinfo->fileoffset         = 122240
[LOG] SystemI::createSoundInternal             : exinfo->numsubsounds       = 1
[LOG] SystemI::createSoundInternal             : exinfo->inclusionlist      = 000000006499F5CC
[LOG] SystemI::createSoundInternal             : exinfo->inclusionlistnum   = 1
[LOG] SystemI::createSoundInternal             : exinfo->suggestedsoundtype = 5
[LOG] SystemI::createSoundInternal             : exinfo->useropen           = 00007FFA9FF4DA20
[LOG] SystemI::createSoundInternal             : exinfo->userclose          = 00007FFA9FF4D9F0
[LOG] SystemI::createSoundInternal             : exinfo->userread           = 00007FFA9FF4DAF0
[LOG] SystemI::createSoundInternal             : exinfo->userseek           = 00007FFA9FF4DBB0
[LOG] SystemI::createSoundInternal             : exinfo->fileuserdata       = 00000000531F8E18
[LOG] SystemI::createSoundInternal             : exinfo->initialseekpostype = 1
[LOG] SystemI::DSPCodecPoolRegister            : register codec pool for pool type 5
[LOG] SystemI::createSoundInternal             : Sample 0/1: name='Ambition - Betrayal Tension - MIP1 - 2', format=2, channels=2, frequency=48000, lengthbytes=51360, lengthpcm=278710, pcmblocksize=0, loopstart=0, loopend=0, mode=0x00000000, channelmask=0x00000000, channelorder=0, peakvolume=0.280096.
[LOG] SystemI::createSoundInternal             : Create name='', mode=0x02000202
[LOG] SystemI::createSoundInternal             : exinfo->cbsize             = 232
[LOG] SystemI::createSoundInternal             : exinfo->length             = 39165952
[LOG] SystemI::createSoundInternal             : exinfo->fileoffset         = 122240
[LOG] SystemI::createSoundInternal             : exinfo->numsubsounds       = 1
[LOG] SystemI::createSoundInternal             : exinfo->inclusionlist      = 000000006499F5CC
[LOG] SystemI::createSoundInternal             : exinfo->inclusionlistnum   = 1
[LOG] SystemI::createSoundInternal             : exinfo->suggestedsoundtype = 5
[LOG] SystemI::createSoundInternal             : exinfo->useropen           = 00007FFA9FF4DA20
[LOG] SystemI::createSoundInternal             : exinfo->userclose          = 00007FFA9FF4D9F0
[LOG] SystemI::createSoundInternal             : exinfo->userread           = 00007FFA9FF4DAF0
[LOG] SystemI::createSoundInternal             : exinfo->userseek           = 00007FFA9FF4DBB0
[LOG] SystemI::createSoundInternal             : exinfo->fileuserdata       = 00000000531F8E18
[LOG] SystemI::createSoundInternal             : exinfo->initialseekpostype = 1
[LOG] SystemI::DSPCodecPoolRegister            : register codec pool for pool type 5
[LOG] SystemI::createSoundInternal             : Sample 0/1: name='Ambition - Betrayal Tension - MIP1 - 4', format=2, channels=2, frequency=48000, lengthbytes=56800, lengthpcm=278710, pcmblocksize=0, loopstart=0, loopend=0, mode=0x00000000, channelmask=0x00000000, channelorder=0, peakvolume=0.423070.
[LOG] SystemI::createSoundInternal             : Create name='', mode=0x02000202
[LOG] SystemI::createSoundInternal             : exinfo->cbsize             = 232
[LOG] SystemI::createSoundInternal             : exinfo->length             = 39165952
[LOG] SystemI::createSoundInternal             : exinfo->fileoffset         = 122240
[LOG] SystemI::createSoundInternal             : exinfo->numsubsounds       = 1
[LOG] SystemI::createSoundInternal             : exinfo->inclusionlist      = 000000006499F5CC
[LOG] SystemI::createSoundInternal             : exinfo->inclusionlistnum   = 1
[LOG] SystemI::createSoundInternal             : exinfo->suggestedsoundtype = 5
[LOG] SystemI::createSoundInternal             : exinfo->useropen           = 00007FFA9FF4DA20
[LOG] SystemI::createSoundInternal             : exinfo->userclose          = 00007FFA9FF4D9F0
[LOG] SystemI::createSoundInternal             : exinfo->userread           = 00007FFA9FF4DAF0
[LOG] SystemI::createSoundInternal             : exinfo->userseek           = 00007FFA9FF4DBB0
[LOG] SystemI::createSoundInternal             : exinfo->fileuserdata       = 00000000531F8E18
[LOG] SystemI::createSoundInternal             : exinfo->initialseekpostype = 1
[LOG] SystemI::DSPCodecPoolRegister            : register codec pool for pool type 5
[LOG] SystemI::createSoundInternal             : Sample 0/1: name='Ambition - Betrayal Tension - MIP1 - 4L', format=2, channels=2, frequency=48000, lengthbytes=44000, lengthpcm=232258, pcmblocksize=0, loopstart=0, loopend=0, mode=0x00000000, channelmask=0x00000000, channelorder=0, peakvolume=0.402845.
[LOG] SystemI::createSoundInternal             : Create name='', mode=0x02000202
[LOG] SystemI::createSoundInternal             : exinfo->cbsize             = 232
[LOG] SystemI::createSoundInternal             : exinfo->length             = 39165952
[LOG] SystemI::createSoundInternal             : exinfo->fileoffset         = 122240
[LOG] SystemI::createSoundInternal             : exinfo->numsubsounds       = 1
[LOG] SystemI::createSoundInternal             : exinfo->inclusionlist      = 000000006499F5CC
[LOG] SystemI::createSoundInternal             : exinfo->inclusionlistnum   = 1
[LOG] SystemI::createSoundInternal             : exinfo->suggestedsoundtype = 5
[LOG] SystemI::createSoundInternal             : exinfo->useropen           = 00007FFA9FF4DA20
[LOG] SystemI::createSoundInternal             : exinfo->userclose          = 00007FFA9FF4D9F0
[LOG] SystemI::createSoundInternal             : exinfo->userread           = 00007FFA9FF4DAF0
[LOG] SystemI::createSoundInternal             : exinfo->userseek           = 00007FFA9FF4DBB0
[LOG] SystemI::createSoundInternal             : exinfo->fileuserdata       = 00000000531F8E18
[LOG] SystemI::createSoundInternal             : exinfo->initialseekpostype = 1
[LOG] SystemI::DSPCodecPoolRegister            : register codec pool for pool type 5
[LOG] SystemI::createSoundInternal             : Sample 0/1: name='Ambition - Betrayal Tension - MIP1 - 1', format=2, channels=2, frequency=48000, lengthbytes=80480, lengthpcm=371613, pcmblocksize=0, loopstart=0, loopend=0, mode=0x00000000, channelmask=0x00000000, channelorder=0, peakvolume=0.220518.
[LOG] SystemI::createSoundInternal             : Create name='', mode=0x02000202
[LOG] SystemI::createSoundInternal             : exinfo->cbsize             = 232
[LOG] SystemI::createSoundInternal             : exinfo->length             = 39165952
[LOG] SystemI::createSoundInternal             : exinfo->fileoffset         = 122240
[LOG] SystemI::createSoundInternal             : exinfo->numsubsounds       = 1
[LOG] SystemI::createSoundInternal             : exinfo->inclusionlist      = 000000006499F5CC
[LOG] SystemI::createSoundInternal             : exinfo->inclusionlistnum   = 1
[LOG] SystemI::createSoundInternal             : exinfo->suggestedsoundtype = 5
[LOG] SystemI::createSoundInternal             : exinfo->useropen           = 00007FFA9FF4DA20
[LOG] SystemI::createSoundInternal             : exinfo->userclose          = 00007FFA9FF4D9F0
[LOG] SystemI::createSoundInternal             : exinfo->userread           = 00007FFA9FF4DAF0
[LOG] SystemI::createSoundInternal             : exinfo->userseek           = 00007FFA9FF4DBB0
[LOG] SystemI::createSoundInternal             : exinfo->fileuserdata       = 00000000531F8E18
[LOG] SystemI::createSoundInternal             : exinfo->initialseekpostype = 1
[LOG] SystemI::DSPCodecPoolRegister            : register codec pool for pool type 5
[LOG] SystemI::createSoundInternal             : Sample 0/1: name='Ambition - Bourgeoisie - Conversation A - MIP3 - END - WIN', format=2, channels=2, frequency=48000, lengthbytes=83744, lengthpcm=386520, pcmblocksize=0, loopstart=0, loopend=0, mode=0x00000000, channelmask=0x00000000, channelorder=0, peakvolume=0.425656.
[LOG] SystemI::createSoundInternal             : Create name='', mode=0x02000202
[LOG] SystemI::createSoundInternal             : exinfo->cbsize             = 232
[LOG] SystemI::createSoundInternal             : exinfo->length             = 39165952
[LOG] SystemI::createSoundInternal             : exinfo->fileoffset         = 122240
[LOG] SystemI::createSoundInternal             : exinfo->numsubsounds       = 1
[LOG] SystemI::createSoundInternal             : exinfo->inclusionlist      = 000000006499F5CC
[LOG] SystemI::createSoundInternal             : exinfo->inclusionlistnum   = 1
[LOG] SystemI::createSoundInternal             : exinfo->suggestedsoundtype = 5
[LOG] SystemI::createSoundInternal             : exinfo->useropen           = 00007FFA9FF4DA20
[LOG] SystemI::createSoundInternal             : exinfo->userclose          = 00007FFA9FF4D9F0
[LOG] SystemI::createSoundInternal             : exinfo->userread           = 00007FFA9FF4DAF0
[LOG] SystemI::createSoundInternal             : exinfo->userseek           = 00007FFA9FF4DBB0
[LOG] SystemI::createSoundInternal             : exinfo->fileuserdata       = 00000000531F8E18
[LOG] SystemI::createSoundInternal             : exinfo->initialseekpostype = 1
[LOG] SystemI::DSPCodecPoolRegister            : register codec pool for pool type 5
[LOG] SystemI::createSoundInternal             : Sample 0/1: name='Ambition - Revolutionary - Conversation B - Rev1 - MIP2 - END - WIN', format=2, channels=2, frequency=48000, lengthbytes=64800, lengthpcm=295403, pcmblocksize=0, loopstart=0, loopend=0, mode=0x00000000, channelmask=0x00000000, channelorder=0, peakvolume=0.635248.
[LOG] SystemI::createSoundInternal             : Create name='', mode=0x02000202
[LOG] SystemI::createSoundInternal             : exinfo->cbsize             = 232
[LOG] SystemI::createSoundInternal             : exinfo->length             = 39165952
[LOG] SystemI::createSoundInternal             : exinfo->fileoffset         = 122240
[LOG] SystemI::createSoundInternal             : exinfo->numsubsounds       = 1
[LOG] SystemI::createSoundInternal             : exinfo->inclusionlist      = 000000006499F5CC
[LOG] SystemI::createSoundInternal             : exinfo->inclusionlistnum   = 1
[LOG] SystemI::createSoundInternal             : exinfo->suggestedsoundtype = 5
[LOG] SystemI::createSoundInternal             : exinfo->useropen           = 00007FFA9FF4DA20
[LOG] SystemI::createSoundInternal             : exinfo->userclose          = 00007FFA9FF4D9F0
[LOG] SystemI::createSoundInternal             : exinfo->userread           = 00007FFA9FF4DAF0
[LOG] SystemI::createSoundInternal             : exinfo->userseek           = 00007FFA9FF4DBB0
[LOG] SystemI::createSoundInternal             : exinfo->fileuserdata       = 00000000531F8E18
[LOG] SystemI::createSoundInternal             : exinfo->initialseekpostype = 1
[LOG] SystemI::DSPCodecPoolRegister            : register codec pool for pool type 5
[LOG] SystemI::createSoundInternal             : Sample 0/1: name='Ambition - Church - Conversation A - MIP2 - Intro', format=2, channels=2, frequency=48000, lengthbytes=20160, lengthpcm=72000, pcmblocksize=0, loopstart=0, loopend=0, mode=0x00000000, channelmask=0x00000000, channelorder=0, peakvolume=0.236274.
[LOG] SystemI::createSoundInternal             : Create name='', mode=0x02000202
[LOG] SystemI::createSoundInternal             : exinfo->cbsize             = 232
[LOG] SystemI::createSoundInternal             : exinfo->length             = 39165952
[LOG] SystemI::createSoundInternal             : exinfo->fileoffset         = 122240
[LOG] SystemI::createSoundInternal             : exinfo->numsubsounds       = 1
[LOG] SystemI::createSoundInternal             : exinfo->inclusionlist      = 000000006499F5CC
[LOG] SystemI::createSoundInternal             : exinfo->inclusionlistnum   = 1
[LOG] SystemI::createSoundInternal             : exinfo->suggestedsoundtype = 5
[LOG] SystemI::createSoundInternal             : exinfo->useropen           = 00007FFA9FF4DA20
[LOG] SystemI::createSoundInternal             : exinfo->userclose          = 00007FFA9FF4D9F0
[LOG] SystemI::createSoundInternal             : exinfo->userread           = 00007FFA9FF4DAF0
[LOG] SystemI::createSoundInternal             : exinfo->userseek           = 00007FFA9FF4DBB0
[LOG] SystemI::createSoundInternal             : exinfo->fileuserdata       = 00000000531F8E18
[LOG] SystemI::createSoundInternal             : exinfo->initialseekpostype = 1
[LOG] SystemI::DSPCodecPoolRegister            : register codec pool for pool type 5
[LOG] SystemI::createSoundInternal             : Sample 0/1: name='Ambition - Revolutionary - MIP1 - Party Map - Intro', format=2, channels=2, frequency=48000, lengthbytes=54688, lengthpcm=216000, pcmblocksize=0, loopstart=0, loopend=0, mode=0x00000000, channelmask=0x00000000, channelorder=0, peakvolume=0.224082.
[LOG] SystemI::createSoundInternal             : Create name='', mode=0x02000202
[LOG] SystemI::createSoundInternal             : exinfo->cbsize             = 232
[LOG] SystemI::createSoundInternal             : exinfo->length             = 39165952
[LOG] SystemI::createSoundInternal             : exinfo->fileoffset         = 122240
[LOG] SystemI::createSoundInternal             : exinfo->numsubsounds       = 1
[LOG] SystemI::createSoundInternal             : exinfo->inclusionlist      = 000000006499F5CC
[LOG] SystemI::createSoundInternal             : exinfo->inclusionlistnum   = 1
[LOG] SystemI::createSoundInternal             : exinfo->suggestedsoundtype = 5
[LOG] SystemI::createSoundInternal             : exinfo->useropen           = 00007FFA9FF4DA20
[LOG] SystemI::createSoundInternal             : exinfo->userclose          = 00007FFA9FF4D9F0
[LOG] SystemI::createSoundInternal             : exinfo->userread           = 00007FFA9FF4DAF0
[LOG] SystemI::createSoundInternal             : exinfo->userseek           = 00007FFA9FF4DBB0
[LOG] SystemI::createSoundInternal             : exinfo->fileuserdata       = 00000000531F8E18
[LOG] SystemI::createSoundInternal             : exinfo->initialseekpostype = 1
[LOG] SystemI::DSPCodecPoolRegister            : register codec pool for pool type 5
[LOG] SystemI::createSoundInternal             : Sample 0/1: name='Ambition - Betrayal Tension - MIP1 - 5', format=2, channels=2, frequency=48000, lengthbytes=64864, lengthpcm=371613, pcmblocksize=0, loopstart=0, loopend=0, mode=0x00000000, channelmask=0x00000000, channelorder=0, peakvolume=0.350753.
[LOG] SystemI::createSoundInternal             : Create name='', mode=0x02000202
[LOG] SystemI::createSoundInternal             : exinfo->cbsize             = 232
[LOG] SystemI::createSoundInternal             : exinfo->length             = 39165952
[LOG] SystemI::createSoundInternal             : exinfo->fileoffset         = 122240
[LOG] SystemI::createSoundInternal             : exinfo->numsubsounds       = 1
[LOG] SystemI::createSoundInternal             : exinfo->inclusionlist      = 000000006499F5CC
[LOG] SystemI::createSoundInternal             : exinfo->inclusionlistnum   = 1
[LOG] SystemI::createSoundInternal             : exinfo->suggestedsoundtype = 5
[LOG] SystemI::createSoundInternal             : exinfo->useropen           = 00007FFA9FF4DA20
[LOG] SystemI::createSoundInternal             : exinfo->userclose          = 00007FFA9FF4D9F0
[LOG] SystemI::createSoundInternal             : exinfo->userread           = 00007FFA9FF4DAF0
[LOG] SystemI::createSoundInternal             : exinfo->userseek           = 00007FFA9FF4DBB0
[LOG] SystemI::createSoundInternal             : exinfo->fileuserdata       = 00000000531F8E18
[LOG] SystemI::createSoundInternal             : exinfo->initialseekpostype = 1
[LOG] SystemI::DSPCodecPoolRegister            : register codec pool for pool type 5
[LOG] SystemI::createSoundInternal             : Sample 0/1: name='Ambition - Bourgeoisie - Conversation B - 108bpm - LOSE', format=2, channels=2, frequency=48000, lengthbytes=76992, lengthpcm=322265, pcmblocksize=0, loopstart=0, loopend=0, mode=0x00000000, channelmask=0x00000000, channelorder=0, peakvolume=0.412529.
[LOG] SystemI::createSoundInternal             : Create name='', mode=0x02000202
[LOG] SystemI::createSoundInternal             : exinfo->cbsize             = 232
[LOG] SystemI::createSoundInternal             : exinfo->length             = 39165952
[LOG] SystemI::createSoundInternal             : exinfo->fileoffset         = 122240
[LOG] SystemI::createSoundInternal             : exinfo->numsubsounds       = 1
[LOG] SystemI::createSoundInternal             : exinfo->inclusionlist      = 000000006499F5CC
[LOG] SystemI::createSoundInternal             : exinfo->inclusionlistnum   = 1
[LOG] SystemI::createSoundInternal             : exinfo->suggestedsoundtype = 5
[LOG] SystemI::createSoundInternal             : exinfo->useropen           = 00007FFA9FF4DA20
[LOG] SystemI::createSoundInternal             : exinfo->userclose          = 00007FFA9FF4D9F0
[LOG] SystemI::createSoundInternal             : exinfo->userread           = 00007FFA9FF4DAF0
[LOG] SystemI::createSoundInternal             : exinfo->userseek           = 00007FFA9FF4DBB0
[LOG] SystemI::createSoundInternal             : exinfo->fileuserdata       = 00000000531F8E18
[LOG] SystemI::createSoundInternal             : exinfo->initialseekpostype = 1
[LOG] SystemI::DSPCodecPoolRegister            : register codec pool for pool type 5
[LOG] SystemI::createSoundInternal             : Sample 0/1: name='Ambition - Bourgeoisie - Party Map - MIP1 - Intro', format=2, channels=2, frequency=48000, lengthbytes=32992, lengthpcm=118373, pcmblocksize=0, loopstart=0, loopend=0, mode=0x00000000, channelmask=0x00000000, channelorder=0, peakvolume=0.200400.
[LOG] SystemI::createSoundInternal             : Create name='', mode=0x02000202
[LOG] SystemI::createSoundInternal             : exinfo->cbsize             = 232
[LOG] SystemI::createSoundInternal             : exinfo->length             = 39165952
[LOG] SystemI::createSoundInternal             : exinfo->fileoffset         = 122240
[LOG] SystemI::createSoundInternal             : exinfo->numsubsounds       = 1
[LOG] SystemI::createSoundInternal             : exinfo->inclusionlist      = 000000006499F5CC
[LOG] SystemI::createSoundInternal             : exinfo->inclusionlistnum   = 1
[LOG] SystemI::createSoundInternal             : exinfo->suggestedsoundtype = 5
[LOG] SystemI::createSoundInternal             : exinfo->useropen           = 00007FFA9FF4DA20
[LOG] SystemI::createSoundInternal             : exinfo->userclose          = 00007FFA9FF4D9F0
[LOG] SystemI::createSoundInternal             : exinfo->userread           = 00007FFA9FF4DAF0
[LOG] SystemI::createSoundInternal             : exinfo->userseek           = 00007FFA9FF4DBB0
[LOG] SystemI::createSoundInternal             : exinfo->fileuserdata       = 00000000531F8E18
[LOG] SystemI::createSoundInternal             : exinfo->initialseekpostype = 1
[LOG] SystemI::DSPCodecPoolRegister            : register codec pool for pool type 5
[LOG] SystemI::createSoundInternal             : Sample 0/1: name='Ambition - Bourgeoisie - Conversation A - MIP3 - Intro', format=2, channels=2, frequency=48000, lengthbytes=77408, lengthpcm=297931, pcmblocksize=0, loopstart=0, loopend=0, mode=0x00000000, channelmask=0x00000000, channelorder=0, peakvolume=0.412404.
[LOG] SystemI::createSoundInternal             : Create name='', mode=0x02000202
[LOG] SystemI::createSoundInternal             : exinfo->cbsize             = 232
[LOG] SystemI::createSoundInternal             : exinfo->length             = 39165952
[LOG] SystemI::createSoundInternal             : exinfo->fileoffset         = 122240
[LOG] SystemI::createSoundInternal             : exinfo->numsubsounds       = 1
[LOG] SystemI::createSoundInternal             : exinfo->inclusionlist      = 000000006499F5CC
[LOG] SystemI::createSoundInternal             : exinfo->inclusionlistnum   = 1
[LOG] SystemI::createSoundInternal             : exinfo->suggestedsoundtype = 5
[LOG] SystemI::createSoundInternal             : exinfo->useropen           = 00007FFA9FF4DA20
[LOG] SystemI::createSoundInternal             : exinfo->userclose          = 00007FFA9FF4D9F0
[LOG] SystemI::createSoundInternal             : exinfo->userread           = 00007FFA9FF4DAF0
[LOG] SystemI::createSoundInternal             : exinfo->userseek           = 00007FFA9FF4DBB0
[LOG] SystemI::createSoundInternal             : exinfo->fileuserdata       = 00000000531F8E18
[LOG] SystemI::createSoundInternal             : exinfo->initialseekpostype = 1
[LOG] SystemI::DSPCodecPoolRegister            : register codec pool for pool type 5
[LOG] SystemI::createSoundInternal             : Sample 0/1: name='Ambition - Prologue Opening - MIP1 - 110bpm - Intro', format=2, channels=2, frequency=48000, lengthbytes=89056, lengthpcm=340353, pcmblocksize=0, loopstart=0, loopend=0, mode=0x00000000, channelmask=0x00000000, channelorder=0, peakvolume=0.454790.
[LOG] SystemI::createSoundInternal             : Create name='', mode=0x02000202
[LOG] SystemI::createSoundInternal             : exinfo->cbsize             = 232
[LOG] SystemI::createSoundInternal             : exinfo->length             = 39165952
[LOG] SystemI::createSoundInternal             : exinfo->fileoffset         = 122240
[LOG] SystemI::createSoundInternal             : exinfo->numsubsounds       = 1
[LOG] SystemI::createSoundInternal             : exinfo->inclusionlist      = 000000006499F5CC
[LOG] SystemI::createSoundInternal             : exinfo->inclusionlistnum   = 1
[LOG] SystemI::createSoundInternal             : exinfo->suggestedsoundtype = 5
[LOG] SystemI::createSoundInternal             : exinfo->useropen           = 00007FFA9FF4DA20
[LOG] SystemI::createSoundInternal             : exinfo->userclose          = 00007FFA9FF4D9F0
[LOG] SystemI::createSoundInternal             : exinfo->userread           = 00007FFA9FF4DAF0
[LOG] SystemI::createSoundInternal             : exinfo->userseek           = 00007FFA9FF4DBB0
[LOG] SystemI::createSoundInternal             : exinfo->fileuserdata       = 00000000531F8E18
[LOG] SystemI::createSoundInternal             : exinfo->initialseekpostype = 1
[LOG] SystemI::DSPCodecPoolRegister            : register codec pool for pool type 5
[LOG] SystemI::createSoundInternal             : Sample 0/1: name='Ambition - Paris Map - Intro', format=2, channels=2, frequency=48000, lengthbytes=63232, lengthpcm=288000, pcmblocksize=0, loopstart=0, loopend=0, mode=0x00000000, channelmask=0x00000000, channelorder=0, peakvolume=0.260509.
[LOG] SystemI::createSoundInternal             : Create name='', mode=0x02000202
[LOG] SystemI::createSoundInternal             : exinfo->cbsize             = 232
[LOG] SystemI::createSoundInternal             : exinfo->length             = 39165952
[LOG] SystemI::createSoundInternal             : exinfo->fileoffset         = 122240
[LOG] SystemI::createSoundInternal             : exinfo->numsubsounds       = 1
[LOG] SystemI::createSoundInternal             : exinfo->inclusionlist      = 000000006499F5CC
[LOG] SystemI::createSoundInternal             : exinfo->inclusionlistnum   = 1
[LOG] SystemI::createSoundInternal             : exinfo->suggestedsoundtype = 5
[LOG] SystemI::createSoundInternal             : exinfo->useropen           = 00007FFA9FF4DA20
[LOG] SystemI::createSoundInternal             : exinfo->userclose          = 00007FFA9FF4D9F0
[LOG] SystemI::createSoundInternal             : exinfo->userread           = 00007FFA9FF4DAF0
[LOG] SystemI::createSoundInternal             : exinfo->userseek           = 00007FFA9FF4DBB0
[LOG] SystemI::createSoundInternal             : exinfo->fileuserdata       = 00000000531F8E18
[LOG] SystemI::createSoundInternal             : exinfo->initialseekpostype = 1
[LOG] SystemI::DSPCodecPoolRegister            : register codec pool for pool type 5
[LOG] SystemI::createSoundInternal             : Sample 0/1: name='Ambition - Party Debrief - Intro', format=2, channels=2, frequency=48000, lengthbytes=32512, lengthpcm=192000, pcmblocksize=0, loopstart=0, loopend=0, mode=0x00000000, channelmask=0x00000000, channelorder=0, peakvolume=0.267197.
[LOG] SystemI::createSoundInternal             : Create name='', mode=0x02000202
[LOG] SystemI::createSoundInternal             : exinfo->cbsize             = 232
[LOG] SystemI::createSoundInternal             : exinfo->length             = 39165952
[LOG] SystemI::createSoundInternal             : exinfo->fileoffset         = 122240
[LOG] SystemI::createSoundInternal             : exinfo->numsubsounds       = 1
[LOG] SystemI::createSoundInternal             : exinfo->inclusionlist      = 000000006499F5CC
[LOG] SystemI::createSoundInternal             : exinfo->inclusionlistnum   = 1
[LOG] SystemI::createSoundInternal             : exinfo->suggestedsoundtype = 5
[LOG] SystemI::createSoundInternal             : exinfo->useropen           = 00007FFA9FF4DA20
[LOG] SystemI::createSoundInternal             : exinfo->userclose          = 00007FFA9FF4D9F0
[LOG] SystemI::createSoundInternal             : exinfo->userread           = 00007FFA9FF4DAF0
[LOG] SystemI::createSoundInternal             : exinfo->userseek           = 00007FFA9FF4DBB0
[LOG] SystemI::createSoundInternal             : exinfo->fileuserdata       = 00000000531F8E18
[LOG] SystemI::createSoundInternal             : exinfo->initialseekpostype = 1
[LOG] SystemI::DSPCodecPoolRegister            : register codec pool for pool type 5
[LOG] SystemI::createSoundInternal             : Sample 0/1: name='Ambition - Betrayal Tension - MIP1 - 3', format=2, channels=2, frequency=48000, lengthbytes=51680, lengthpcm=278709, pcmblocksize=0, loopstart=0, loopend=0, mode=0x00000000, channelmask=0x00000000, channelorder=0, peakvolume=0.301681.
[LOG] SystemI::createSoundInternal             : Create name='', mode=0x02000202
[LOG] SystemI::createSoundInternal             : exinfo->cbsize             = 232
[LOG] SystemI::createSoundInternal             : exinfo->length             = 39165952
[LOG] SystemI::createSoundInternal             : exinfo->fileoffset         = 122240
[LOG] SystemI::createSoundInternal             : exinfo->numsubsounds       = 1
[LOG] SystemI::createSoundInternal             : exinfo->inclusionlist      = 000000006499F5CC
[LOG] SystemI::createSoundInternal             : exinfo->inclusionlistnum   = 1
[LOG] SystemI::createSoundInternal             : exinfo->suggestedsoundtype = 5
[LOG] SystemI::createSoundInternal             : exinfo->useropen           = 00007FFA9FF4DA20
[LOG] SystemI::createSoundInternal             : exinfo->userclose          = 00007FFA9FF4D9F0
[LOG] SystemI::createSoundInternal             : exinfo->userread           = 00007FFA9FF4DAF0
[LOG] SystemI::createSoundInternal             : exinfo->userseek           = 00007FFA9FF4DBB0
[LOG] SystemI::createSoundInternal             : exinfo->fileuserdata       = 00000000531F8E18
[LOG] SystemI::createSoundInternal             : exinfo->initialseekpostype = 1
[LOG] SystemI::DSPCodecPoolRegister            : register codec pool for pool type 5
[LOG] SystemI::createSoundInternal             : Sample 0/1: name='Ambition - Bourgeoisie - Conversation B - 108bpm - Intro', format=2, channels=2, frequency=48000, lengthbytes=35968, lengthpcm=133333, pcmblocksize=0, loopstart=0, loopend=0, mode=0x00000000, channelmask=0x00000000, channelorder=0, peakvolume=0.216093.
[LOG] SystemI::createSoundInternal             : Create name='', mode=0x02000202
[LOG] SystemI::createSoundInternal             : exinfo->cbsize             = 232
[LOG] SystemI::createSoundInternal             : exinfo->length             = 39165952
[LOG] SystemI::createSoundInternal             : exinfo->fileoffset         = 122240
[LOG] SystemI::createSoundInternal             : exinfo->numsubsounds       = 1
[LOG] SystemI::createSoundInternal             : exinfo->inclusionlist      = 000000006499F5CC
[LOG] SystemI::createSoundInternal             : exinfo->inclusionlistnum   = 1
[LOG] SystemI::createSoundInternal             : exinfo->suggestedsoundtype = 5
[LOG] SystemI::createSoundInternal             : exinfo->useropen           = 00007FFA9FF4DA20
[LOG] SystemI::createSoundInternal             : exinfo->userclose          = 00007FFA9FF4D9F0
[LOG] SystemI::createSoundInternal             : exinfo->userread           = 00007FFA9FF4DAF0
[LOG] SystemI::createSoundInternal             : exinfo->userseek           = 00007FFA9FF4DBB0
[LOG] SystemI::createSoundInternal             : exinfo->fileuserdata       = 00000000531F8E18
[LOG] SystemI::createSoundInternal             : exinfo->initialseekpostype = 1
[LOG] SystemI::DSPCodecPoolRegister            : register codec pool for pool type 5
[LOG] SystemI::createSoundInternal             : Sample 0/1: name='EstateA-Intro', format=2, channels=2, frequency=48000, lengthbytes=75712, lengthpcm=264000, pcmblocksize=0, loopstart=0, loopend=0, mode=0x00000000, channelmask=0x00000000, channelorder=0, peakvolume=0.372412.
[LOG] SystemI::createSoundInternal             : Create name='', mode=0x02000202
[LOG] SystemI::createSoundInternal             : exinfo->cbsize             = 232
[LOG] SystemI::createSoundInternal             : exinfo->length             = 39165952
[LOG] SystemI::createSoundInternal             : exinfo->fileoffset         = 122240
[LOG] SystemI::createSoundInternal             : exinfo->numsubsounds       = 1
[LOG] SystemI::createSoundInternal             : exinfo->inclusionlist      = 000000006499F5CC
[LOG] SystemI::createSoundInternal             : exinfo->inclusionlistnum   = 1
[LOG] SystemI::createSoundInternal             : exinfo->suggestedsoundtype = 5
[LOG] SystemI::createSoundInternal             : exinfo->useropen           = 00007FFA9FF4DA20
[LOG] SystemI::createSoundInternal             : exinfo->userclose          = 00007FFA9FF4D9F0
[LOG] SystemI::createSoundInternal             : exinfo->userread           = 00007FFA9FF4DAF0
[LOG] SystemI::createSoundInternal             : exinfo->userseek           = 00007FFA9FF4DBB0
[LOG] SystemI::createSoundInternal             : exinfo->fileuserdata       = 00000000531F8E18
[LOG] SystemI::createSoundInternal             : exinfo->initialseekpostype = 1
[LOG] SystemI::DSPCodecPoolRegister            : register codec pool for pool type 5
[LOG] SystemI::createSoundInternal             : Sample 0/1: name='Ambition - The Orphan's Feast - Party Map - 76bpm - Intro', format=2, channels=2, frequency=48000, lengthbytes=45152, lengthpcm=189470, pcmblocksize=0, loopstart=0, loopend=0, mode=0x00000000, channelmask=0x00000000, channelorder=0, peakvolume=0.400417.
[LOG] SystemI::createSoundInternal             : Create name='', mode=0x02000202
[LOG] SystemI::createSoundInternal             : exinfo->cbsize             = 232
[LOG] SystemI::createSoundInternal             : exinfo->length             = 39165952
[LOG] SystemI::createSoundInternal             : exinfo->fileoffset         = 122240
[LOG] SystemI::createSoundInternal             : exinfo->numsubsounds       = 1
[LOG] SystemI::createSoundInternal             : exinfo->inclusionlist      = 000000006499F5CC
[LOG] SystemI::createSoundInternal             : exinfo->inclusionlistnum   = 1
[LOG] SystemI::createSoundInternal             : exinfo->suggestedsoundtype = 5
[LOG] SystemI::createSoundInternal             : exinfo->useropen           = 00007FFA9FF4DA20
[LOG] SystemI::createSoundInternal             : exinfo->userclose          = 00007FFA9FF4D9F0
[LOG] SystemI::createSoundInternal             : exinfo->userread           = 00007FFA9FF4DAF0
[LOG] SystemI::createSoundInternal             : exinfo->userseek           = 00007FFA9FF4DBB0
[LOG] SystemI::createSoundInternal             : exinfo->fileuserdata       = 00000000531F8E18
[LOG] SystemI::createSoundInternal             : exinfo->initialseekpostype = 1
[LOG] SystemI::DSPCodecPoolRegister            : register codec pool for pool type 5
[LOG] SystemI::createSoundInternal             : Sample 0/1: name='Ambition - Betrayal Tension - MIP1 - 5L', format=2, channels=2, frequency=48000, lengthbytes=36640, lengthpcm=232258, pcmblocksize=0, loopstart=0, loopend=0, mode=0x00000000, channelmask=0x00000000, channelorder=0, peakvolume=0.316811.
[LOG] SystemI::createSoundInternal             : Create name='', mode=0x02000202
[LOG] SystemI::createSoundInternal             : exinfo->cbsize             = 232
[LOG] SystemI::createSoundInternal             : exinfo->length             = 39165952
[LOG] SystemI::createSoundInternal             : exinfo->fileoffset         = 122240
[LOG] SystemI::createSoundInternal             : exinfo->numsubsounds       = 1
[LOG] SystemI::createSoundInternal             : exinfo->inclusionlist      = 000000006499F5CC
[LOG] SystemI::createSoundInternal             : exinfo->inclusionlistnum   = 1
[LOG] SystemI::createSoundInternal             : exinfo->suggestedsoundtype = 5
[LOG] SystemI::createSoundInternal             : exinfo->useropen           = 00007FFA9FF4DA20
[LOG] SystemI::createSoundInternal             : exinfo->userclose          = 00007FFA9FF4D9F0
[LOG] SystemI::createSoundInternal             : exinfo->userread           = 00007FFA9FF4DAF0
[LOG] SystemI::createSoundInternal             : exinfo->userseek           = 00007FFA9FF4DBB0
[LOG] SystemI::createSoundInternal             : exinfo->fileuserdata       = 00000000531F8E18
[LOG] SystemI::createSoundInternal             : exinfo->initialseekpostype = 1
[LOG] SystemI::DSPCodecPoolRegister            : register codec pool for pool type 5
[LOG] SystemI::createSoundInternal             : Sample 0/1: name='Ambition - Church - Party Map - MIP2 - Intro', format=2, channels=2, frequency=48000, lengthbytes=44992, lengthpcm=205712, pcmblocksize=0, loopstart=0, loopend=0, mode=0x00000000, channelmask=0x00000000, channelorder=0, peakvolume=0.154683.
[LOG] SystemI::createSoundInternal             : Create name='', mode=0x02000202
[LOG] SystemI::createSoundInternal             : exinfo->cbsize             = 232
[LOG] SystemI::createSoundInternal             : exinfo->length             = 39165952
[LOG] SystemI::createSoundInternal             : exinfo->fileoffset         = 122240
[LOG] SystemI::createSoundInternal             : exinfo->numsubsounds       = 1
[LOG] SystemI::createSoundInternal             : exinfo->inclusionlist      = 000000006499F5CC
[LOG] SystemI::createSoundInternal             : exinfo->inclusionlistnum   = 1
[LOG] SystemI::createSoundInternal             : exinfo->suggestedsoundtype = 5
[LOG] SystemI::createSoundInternal             : exinfo->useropen           = 00007FFA9FF4DA20
[LOG] SystemI::createSoundInternal             : exinfo->userclose          = 00007FFA9FF4D9F0
[LOG] SystemI::createSoundInternal             : exinfo->userread           = 00007FFA9FF4DAF0
[LOG] SystemI::createSoundInternal             : exinfo->userseek           = 00007FFA9FF4DBB0
[LOG] SystemI::createSoundInternal             : exinfo->fileuserdata       = 00000000531F8E18
[LOG] SystemI::createSoundInternal             : exinfo->initialseekpostype = 1
[LOG] SystemI::DSPCodecPoolRegister            : register codec pool for pool type 5
[LOG] SystemI::createSoundInternal             : Sample 0/1: name='Ambition - Paris Streets - Prologue - Intro', format=2, channels=2, frequency=48000, lengthbytes=80960, lengthpcm=341046, pcmblocksize=0, loopstart=0, loopend=0, mode=0x00000000, channelmask=0x00000000, channelorder=0, peakvolume=0.121514.
[LOG] SystemI::createSoundInternal             : Create name='', mode=0x02000202
[LOG] SystemI::createSoundInternal             : exinfo->cbsize             = 232
[LOG] SystemI::createSoundInternal             : exinfo->length             = 39165952
[LOG] SystemI::createSoundInternal             : exinfo->fileoffset         = 122240
[LOG] SystemI::createSoundInternal             : exinfo->numsubsounds       = 1
[LOG] SystemI::createSoundInternal             : exinfo->inclusionlist      = 000000006499F5CC
[LOG] SystemI::createSoundInternal             : exinfo->inclusionlistnum   = 1
[LOG] SystemI::createSoundInternal             : exinfo->suggestedsoundtype = 5
[LOG] SystemI::createSoundInternal             : exinfo->useropen           = 00007FFA9FF4DA20
[LOG] SystemI::createSoundInternal             : exinfo->userclose          = 00007FFA9FF4D9F0
[LOG] SystemI::createSoundInternal             : exinfo->userread           = 00007FFA9FF4DAF0
[LOG] SystemI::createSoundInternal             : exinfo->userseek           = 00007FFA9FF4DBB0
[LOG] SystemI::createSoundInternal             : exinfo->fileuserdata       = 00000000531F8E18
[LOG] SystemI::createSoundInternal             : exinfo->initialseekpostype = 1
[LOG] SystemI::DSPCodecPoolRegister            : register codec pool for pool type 5
[LOG] SystemI::createSoundInternal             : Sample 0/1: name='Ambition - Revolutionary - Conversation B - Rev1 - MIP2 - END - LOSE', format=2, channels=2, frequency=48000, lengthbytes=80224, lengthpcm=438078, pcmblocksize=0, loopstart=0, loopend=0, mode=0x00000000, channelmask=0x00000000, channelorder=0, peakvolume=0.643877.
[LOG] SystemI::createSoundInternal             : Create name='', mode=0x02000202
[LOG] SystemI::createSoundInternal             : exinfo->cbsize             = 232
[LOG] SystemI::createSoundInternal             : exinfo->length             = 39165952
[LOG] SystemI::createSoundInternal             : exinfo->fileoffset         = 122240
[LOG] SystemI::createSoundInternal             : exinfo->numsubsounds       = 1
[LOG] SystemI::createSoundInternal             : exinfo->inclusionlist      = 000000006499F5CC
[LOG] SystemI::createSoundInternal             : exinfo->inclusionlistnum   = 1
[LOG] SystemI::createSoundInternal             : exinfo->suggestedsoundtype = 5
[LOG] SystemI::createSoundInternal             : exinfo->useropen           = 00007FFA9FF4DA20
[LOG] SystemI::createSoundInternal             : exinfo->userclose          = 00007FFA9FF4D9F0
[LOG] SystemI::createSoundInternal             : exinfo->userread           = 00007FFA9FF4DAF0
[LOG] SystemI::createSoundInternal             : exinfo->userseek           = 00007FFA9FF4DBB0
[LOG] SystemI::createSoundInternal             : exinfo->fileuserdata       = 00000000531F8E18
[LOG] SystemI::createSoundInternal             : exinfo->initialseekpostype = 1
[LOG] SystemI::DSPCodecPoolRegister            : register codec pool for pool type 5
[LOG] SystemI::createSoundInternal             : Sample 0/1: name='Ambition - Betrayal Tension - MIP1 - 3L', format=2, channels=2, frequency=48000, lengthbytes=36768, lengthpcm=232258, pcmblocksize=0, loopstart=0, loopend=0, mode=0x00000000, channelmask=0x00000000, channelorder=0, peakvolume=0.290837.
[LOG] SystemI::createSoundInternal             : Create name='', mode=0x02000202
[LOG] SystemI::createSoundInternal             : exinfo->cbsize             = 232
[LOG] SystemI::createSoundInternal             : exinfo->length             = 39165952
[LOG] SystemI::createSoundInternal             : exinfo->fileoffset         = 122240
[LOG] SystemI::createSoundInternal             : exinfo->numsubsounds       = 1
[LOG] SystemI::createSoundInternal             : exinfo->inclusionlist      = 000000006499F5CC
[LOG] SystemI::createSoundInternal             : exinfo->inclusionlistnum   = 1
[LOG] SystemI::createSoundInternal             : exinfo->suggestedsoundtype = 5
[LOG] SystemI::createSoundInternal             : exinfo->useropen           = 00007FFA9FF4DA20
[LOG] SystemI::createSoundInternal             : exinfo->userclose          = 00007FFA9FF4D9F0
[LOG] SystemI::createSoundInternal             : exinfo->userread           = 00007FFA9FF4DAF0
[LOG] SystemI::createSoundInternal             : exinfo->userseek           = 00007FFA9FF4DBB0
[LOG] SystemI::createSoundInternal             : exinfo->fileuserdata       = 00000000531F8E18
[LOG] SystemI::createSoundInternal             : exinfo->initialseekpostype = 1
[LOG] SystemI::DSPCodecPoolRegister            : register codec pool for pool type 5
[LOG] SystemI::createSoundInternal             : Sample 0/1: name='Ambition - Revolutionary - Conversation B - Rev1 - MIP2 - Intro', format=2, channels=2, frequency=48000, lengthbytes=35840, lengthpcm=136421, pcmblocksize=0, loopstart=0, loopend=0, mode=0x00000000, channelmask=0x00000000, channelorder=0, peakvolume=0.381183.
[LOG] SystemI::createSoundInternal             : Create name='', mode=0x02000202
[LOG] SystemI::createSoundInternal             : exinfo->cbsize             = 232
[LOG] SystemI::createSoundInternal             : exinfo->length             = 39165952
[LOG] SystemI::createSoundInternal             : exinfo->fileoffset         = 122240
[LOG] SystemI::createSoundInternal             : exinfo->numsubsounds       = 1
[LOG] SystemI::createSoundInternal             : exinfo->inclusionlist      = 000000006499F5CC
[LOG] SystemI::createSoundInternal             : exinfo->inclusionlistnum   = 1
[LOG] SystemI::createSoundInternal             : exinfo->suggestedsoundtype = 5
[LOG] SystemI::createSoundInternal             : exinfo->useropen           = 00007FFA9FF4DA20
[LOG] SystemI::createSoundInternal             : exinfo->userclose          = 00007FFA9FF4D9F0
[LOG] SystemI::createSoundInternal             : exinfo->userread           = 00007FFA9FF4DAF0
[LOG] SystemI::createSoundInternal             : exinfo->userseek           = 00007FFA9FF4DBB0
[LOG] SystemI::createSoundInternal             : exinfo->fileuserdata       = 00000000531F8E18
[LOG] SystemI::createSoundInternal             : exinfo->initialseekpostype = 1
[LOG] SystemI::DSPCodecPoolRegister            : register codec pool for pool type 5
[LOG] SystemI::createSoundInternal             : Sample 0/1: name='Ambition - Betrayal Tension - MIP1 - 1L', format=2, channels=2, frequency=48000, lengthbytes=38272, lengthpcm=185806, pcmblocksize=0, loopstart=0, loopend=0, mode=0x00000000, channelmask=0x00000000, channelorder=0, peakvolume=0.210459.
[LOG] SystemI::createSoundInternal             : Create name='', mode=0x02000202
[LOG] SystemI::createSoundInternal             : exinfo->cbsize             = 232
[LOG] SystemI::createSoundInternal             : exinfo->length             = 39165952
[LOG] SystemI::createSoundInternal             : exinfo->fileoffset         = 122240
[LOG] SystemI::createSoundInternal             : exinfo->numsubsounds       = 1
[LOG] SystemI::createSoundInternal             : exinfo->inclusionlist      = 000000006499F5CC
[LOG] SystemI::createSoundInternal             : exinfo->inclusionlistnum   = 1
[LOG] SystemI::createSoundInternal             : exinfo->suggestedsoundtype = 5
[LOG] SystemI::createSoundInternal             : exinfo->useropen           = 00007FFA9FF4DA20
[LOG] SystemI::createSoundInternal             : exinfo->userclose          = 00007FFA9FF4D9F0
[LOG] SystemI::createSoundInternal             : exinfo->userread           = 00007FFA9FF4DAF0
[LOG] SystemI::createSoundInternal             : exinfo->userseek           = 00007FFA9FF4DBB0
[LOG] SystemI::createSoundInternal             : exinfo->fileuserdata       = 00000000531F8E18
[LOG] SystemI::createSoundInternal             : exinfo->initialseekpostype = 1
[LOG] SystemI::DSPCodecPoolRegister            : register codec pool for pool type 5
[LOG] SystemI::createSoundInternal             : Sample 0/1: name='Ambition - The Orphan's Feast - Conversation B - 168bpm - WIN', format=2, channels=2, frequency=48000, lengthbytes=121280, lengthpcm=458572, pcmblocksize=0, loopstart=0, loopend=0, mode=0x00000000, channelmask=0x00000000, channelorder=0, peakvolume=0.524394.
[LOG] SystemI::createSoundInternal             : Create name='', mode=0x02000202
[LOG] SystemI::createSoundInternal             : exinfo->cbsize             = 232
[LOG] SystemI::createSoundInternal             : exinfo->length             = 39165952
[LOG] SystemI::createSoundInternal             : exinfo->fileoffset         = 122240
[LOG] SystemI::createSoundInternal             : exinfo->numsubsounds       = 1
[LOG] SystemI::createSoundInternal             : exinfo->inclusionlist      = 000000006499F5CC
[LOG] SystemI::createSoundInternal             : exinfo->inclusionlistnum   = 1
[LOG] SystemI::createSoundInternal             : exinfo->suggestedsoundtype = 5
[LOG] SystemI::createSoundInternal             : exinfo->useropen           = 00007FFA9FF4DA20
[LOG] SystemI::createSoundInternal             : exinfo->userclose          = 00007FFA9FF4D9F0
[LOG] SystemI::createSoundInternal             : exinfo->userread           = 00007FFA9FF4DAF0
[LOG] SystemI::createSoundInternal             : exinfo->userseek           = 00007FFA9FF4DBB0
[LOG] SystemI::createSoundInternal             : exinfo->fileuserdata       = 00000000531F8E18
[LOG] SystemI::createSoundInternal             : exinfo->initialseekpostype = 1
[LOG] SystemI::DSPCodecPoolRegister            : register codec pool for pool type 5
[LOG] SystemI::createSoundInternal             : Sample 0/1: name='Ambition - Crown - Party Map - MIP2 - Intro', format=2, channels=2, frequency=48000, lengthbytes=83712, lengthpcm=308568, pcmblocksize=0, loopstart=0, loopend=0, mode=0x00000000, channelmask=0x00000000, channelorder=0, peakvolume=0.542682.
[LOG] SystemI::createSoundInternal             : Create name='', mode=0x02000202
[LOG] SystemI::createSoundInternal             : exinfo->cbsize             = 232
[LOG] SystemI::createSoundInternal             : exinfo->length             = 39165952
[LOG] SystemI::createSoundInternal             : exinfo->fileoffset         = 122240
[LOG] SystemI::createSoundInternal             : exinfo->numsubsounds       = 1
[LOG] SystemI::createSoundInternal             : exinfo->inclusionlist      = 000000006499F5CC
[LOG] SystemI::createSoundInternal             : exinfo->inclusionlistnum   = 1
[LOG] SystemI::createSoundInternal             : exinfo->suggestedsoundtype = 5
[LOG] SystemI::createSoundInternal             : exinfo->useropen           = 00007FFA9FF4DA20
[LOG] SystemI::createSoundInternal             : exinfo->userclose          = 00007FFA9FF4D9F0
[LOG] SystemI::createSoundInternal             : exinfo->userread           = 00007FFA9FF4DAF0
[LOG] SystemI::createSoundInternal             : exinfo->userseek           = 00007FFA9FF4DBB0
[LOG] SystemI::createSoundInternal             : exinfo->fileuserdata       = 00000000531F8E18
[LOG] SystemI::createSoundInternal             : exinfo->initialseekpostype = 1
[LOG] SystemI::DSPCodecPoolRegister            : register codec pool for pool type 5
[LOG] SystemI::createSoundInternal             : Sample 0/1: name='Ambition - Revolutionary - Conversation A - Rev2 - MIP2 - Intro', format=2, channels=2, frequency=48000, lengthbytes=76832, lengthpcm=271698, pcmblocksize=0, loopstart=0, loopend=0, mode=0x00000000, channelmask=0x00000000, channelorder=0, peakvolume=0.436381.
[LOG] SystemI::createSoundInternal             : Create name='', mode=0x02000202
[LOG] SystemI::createSoundInternal             : exinfo->cbsize             = 232
[LOG] SystemI::createSoundInternal             : exinfo->length             = 39165952
[LOG] SystemI::createSoundInternal             : exinfo->fileoffset         = 122240
[LOG] SystemI::createSoundInternal             : exinfo->numsubsounds       = 1
[LOG] SystemI::createSoundInternal             : exinfo->inclusionlist      = 000000006499F5CC
[LOG] SystemI::createSoundInternal             : exinfo->inclusionlistnum   = 1
[LOG] SystemI::createSoundInternal             : exinfo->suggestedsoundtype = 5
[LOG] SystemI::createSoundInternal             : exinfo->useropen           = 00007FFA9FF4DA20
[LOG] SystemI::createSoundInternal             : exinfo->userclose          = 00007FFA9FF4D9F0
[LOG] SystemI::createSoundInternal             : exinfo->userread           = 00007FFA9FF4DAF0
[LOG] SystemI::createSoundInternal             : exinfo->userseek           = 00007FFA9FF4DBB0
[LOG] SystemI::createSoundInternal             : exinfo->fileuserdata       = 00000000531F8E18
[LOG] SystemI::createSoundInternal             : exinfo->initialseekpostype = 1
[LOG] SystemI::DSPCodecPoolRegister            : register codec pool for pool type 5
[LOG] SystemI::createSoundInternal             : Sample 0/1: name='Ambition - Betrayal Tension - MIP1 - 2L', format=2, channels=2, frequency=48000, lengthbytes=36352, lengthpcm=232258, pcmblocksize=0, loopstart=0, loopend=0, mode=0x00000000, channelmask=0x00000000, channelorder=0, peakvolume=0.268087.
[LOG] SystemI::createSoundInternal             : Create name='', mode=0x02000202
[LOG] SystemI::createSoundInternal             : exinfo->cbsize             = 232
[LOG] SystemI::createSoundInternal             : exinfo->length             = 39165952
[LOG] SystemI::createSoundInternal             : exinfo->fileoffset         = 122240
[LOG] SystemI::createSoundInternal             : exinfo->numsubsounds       = 1
[LOG] SystemI::createSoundInternal             : exinfo->inclusionlist      = 000000006499F5CC
[LOG] SystemI::createSoundInternal             : exinfo->inclusionlistnum   = 1
[LOG] SystemI::createSoundInternal             : exinfo->suggestedsoundtype = 5
[LOG] SystemI::createSoundInternal             : exinfo->useropen           = 00007FFA9FF4DA20
[LOG] SystemI::createSoundInternal             : exinfo->userclose          = 00007FFA9FF4D9F0
[LOG] SystemI::createSoundInternal             : exinfo->userread           = 00007FFA9FF4DAF0
[LOG] SystemI::createSoundInternal             : exinfo->userseek           = 00007FFA9FF4DBB0
[LOG] SystemI::createSoundInternal             : exinfo->fileuserdata       = 00000000531F8E18
[LOG] SystemI::createSoundInternal             : exinfo->initialseekpostype = 1
[LOG] SystemI::DSPCodecPoolRegister            : register codec pool for pool type 5
[LOG] SystemI::createSoundInternal             : Sample 0/1: name='Ambition - Bourgeoisie - Conversation B - 108bpm - WIN', format=2, channels=2, frequency=48000, lengthbytes=79264, lengthpcm=413347, pcmblocksize=0, loopstart=0, loopend=0, mode=0x00000000, channelmask=0x00000000, channelorder=0, peakvolume=0.398867.
[LOG] SystemI::createSoundInternal             : Create name='', mode=0x02000202
[LOG] SystemI::createSoundInternal             : exinfo->cbsize             = 232
[LOG] SystemI::createSoundInternal             : exinfo->length             = 39165952
[LOG] SystemI::createSoundInternal             : exinfo->fileoffset         = 122240
[LOG] SystemI::createSoundInternal             : exinfo->numsubsounds       = 1
[LOG] SystemI::createSoundInternal             : exinfo->inclusionlist      = 000000006499F5CC
[LOG] SystemI::createSoundInternal             : exinfo->inclusionlistnum   = 1
[LOG] SystemI::createSoundInternal             : exinfo->suggestedsoundtype = 5
[LOG] SystemI::createSoundInternal             : exinfo->useropen           = 00007FFA9FF4DA20
[LOG] SystemI::createSoundInternal             : exinfo->userclose          = 00007FFA9FF4D9F0
[LOG] SystemI::createSoundInternal             : exinfo->userread           = 00007FFA9FF4DAF0
[LOG] SystemI::createSoundInternal             : exinfo->userseek           = 00007FFA9FF4DBB0
[LOG] SystemI::createSoundInternal             : exinfo->fileuserdata       = 00000000531F8E18
[LOG] SystemI::createSoundInternal             : exinfo->initialseekpostype = 1
[LOG] SystemI::DSPCodecPoolRegister            : register codec pool for pool type 5
[LOG] SystemI::createSoundInternal             : Sample 0/1: name='Ambition - The Orphan's Feast - Conversation - Intro', format=2, channels=2, frequency=48000, lengthbytes=44192, lengthpcm=175605, pcmblocksize=0, loopstart=0, loopend=0, mode=0x00000000, channelmask=0x00000000, channelorder=0, peakvolume=0.638057.
[LOG] SystemI::createSound                     : filename = Assets\Audio\Build\Desktop/MUS_Gameplay.bank : mode 02010082
[LOG] SystemI::createSound                     : FMOD_NONBLOCKING specified.  Putting into queue to be opened asynchronously!
[LOG] Thread::initThread                       : Init FMOD nonblocking thread (0). Priority: 1, Stack Size: 81920, Semaphore: Yes, Sleep Time: 0, Looping: Yes.
[LOG] SystemI::createSound                     : setdata soundi = 000000004CD9B3E8 : node = 000000001EBCCBE0
[LOG] SystemI::createSound                     : add node to async list : head = 0000000059DA5A38.  list count = 0
[LOG] AsyncThread::threadFunc                  : Starting Asynchronous operation on sound 000000004CD9B3E8
[LOG] SystemI::createSoundInternal             :     Create name='Assets\Audio\Build\Desktop/MUS_Gameplay.bank', mode=0x02010082
[LOG] SystemI::createSoundInternal             :     exinfo->cbsize             = 232
[LOG] SystemI::createSoundInternal             :     exinfo->length             = 39165952
[LOG] SystemI::createSoundInternal             :     exinfo->fileoffset         = 122240
[LOG] SystemI::createSoundInternal             :     exinfo->numsubsounds       = 1
[LOG] SystemI::createSoundInternal             :     exinfo->inclusionlist      = 000000001EBCCCF8
[LOG] SystemI::createSoundInternal             :     exinfo->inclusionlistnum   = 1
[LOG] SystemI::createSoundInternal             :     exinfo->suggestedsoundtype = 5
[LOG] SystemI::createSoundInternal             :     exinfo->initialseekpostype = 1
[LOG] SystemI::createSoundInternal             :     Stream 0/1: name='Ambition - Main Theme - Final - Rev2', format=2, channels=2, frequency=48000, lengthbytes=3387424, lengthpcm=11790730, pcmblocksize=0, loopstart=0, loopend=0, mode=0x00000000, channelmask=0x00000000, channelorder=0, peakvolume=0.898503.
[LOG] Thread::initThread                       :     Init FMOD file thread. Priority: 1, Stack Size: 16384, Semaphore: No, Sleep Time: 10, Looping: Yes.
[LOG] AsyncThread::threadFunc                  : Finished Asynchronous operation on sound 000000004CD9B3E8
[LOG] SoundI::getSubSound                      : sound 000000004CD9B3E8.  Subsound index 0 / 1
[LOG] SystemI::createSoundInternal             : Create name='', mode=0x02000202
[LOG] SystemI::createSoundInternal             : exinfo->cbsize             = 232
[LOG] SystemI::createSoundInternal             : exinfo->length             = 337216
[LOG] SystemI::createSoundInternal             : exinfo->fileoffset         = 28928
[LOG] SystemI::createSoundInternal             : exinfo->numsubsounds       = 1
[LOG] SystemI::createSoundInternal             : exinfo->inclusionlist      = 000000006499F5CC
[LOG] SystemI::createSoundInternal             : exinfo->inclusionlistnum   = 1
[LOG] SystemI::createSoundInternal             : exinfo->suggestedsoundtype = 5
[LOG] SystemI::createSoundInternal             : exinfo->useropen           = 00007FFA9FF4DA20
[LOG] SystemI::createSoundInternal             : exinfo->userclose          = 00007FFA9FF4D9F0
[LOG] SystemI::createSoundInternal             : exinfo->userread           = 00007FFA9FF4DAF0
[LOG] SystemI::createSoundInternal             : exinfo->userseek           = 00007FFA9FF4DBB0
[LOG] SystemI::createSoundInternal             : exinfo->fileuserdata       = 00000000439245B8
[LOG] SystemI::createSoundInternal             : exinfo->initialseekpostype = 1
[LOG] SystemI::DSPCodecPoolRegister            : register codec pool for pool type 5
[LOG] SystemI::createSoundInternal             : Sample 0/1: name='mouse_hoverv2_mono', format=2, channels=1, frequency=48000, lengthbytes=4640, lengthpcm=24000, pcmblocksize=0, loopstart=0, loopend=0, mode=0x00000000, channelmask=0x00000000, channelorder=0, peakvolume=0.199799.
